1:C 26 Mar 2021 22:17:39.700 # oO0OoO0OoO0Oo Redis is starting oO0OoO0OoO0Oo
1:C 26 Mar 2021 22:17:39.701 # Redis version=6.2.1, bits=64, commit=00000000, modified=0, pid=1, just started
1:C 26 Mar 2021 22:17:39.703 # Configuration loaded
1:M 26 Mar 2021 22:17:39.705 * monotonic clock: POSIX clock_gettime
1:M 26 Mar 2021 22:17:39.709 * Running mode=standalone, port=6379.
1:M 26 Mar 2021 22:17:39.711 # WARNING: The TCP backlog setting of 511 cannot be enforced because /proc/sys/net/core/somaxconn is set to the lower value of 128.
1:M 26 Mar 2021 22:17:39.712 # Server initialized
1:M 26 Mar 2021 22:17:39.717 * Ready to accept connections
1:signal-handler (1616768403) Received SIGTERM scheduling shutdown...
1:M 26 Mar 2021 22:20:03.705 # User requested shutdown...
1:M 26 Mar 2021 22:20:03.707 * Saving the final RDB snapshot before exiting.
1:M 26 Mar 2021 22:20:03.714 * DB saved on disk
1:M 26 Mar 2021 22:20:03.716 * Removing the pid file.
1:M 26 Mar 2021 22:20:03.719 # Redis is now ready to exit, bye bye...
1:C 26 Mar 2021 22:20:13.091 # oO0OoO0OoO0Oo Redis is starting oO0OoO0OoO0Oo
1:C 26 Mar 2021 22:20:13.096 # Redis version=6.2.1, bits=64, commit=00000000, modified=0, pid=1, just started
1:C 26 Mar 2021 22:20:13.100 # Configuration loaded
1:M 26 Mar 2021 22:20:13.104 * monotonic clock: POSIX clock_gettime
1:M 26 Mar 2021 22:20:13.111 * Running mode=standalone, port=6379.
1:M 26 Mar 2021 22:20:13.116 # WARNING: The TCP backlog setting of 511 cannot be enforced because /proc/sys/net/core/somaxconn is set to the lower value of 128.
1:M 26 Mar 2021 22:20:13.120 # Server initialized
1:M 26 Mar 2021 22:20:13.127 * Loading RDB produced by version 6.2.1
1:M 26 Mar 2021 22:20:13.131 * RDB age 10 seconds
1:M 26 Mar 2021 22:20:13.134 * RDB memory usage when created 0.77 Mb
1:M 26 Mar 2021 22:20:13.137 * DB loaded from disk: 0.014 seconds
1:M 26 Mar 2021 22:20:13.140 * Ready to accept connections
1:signal-handler (1616768444) Received SIGTERM scheduling shutdown...
1:M 26 Mar 2021 22:20:44.651 # User requested shutdown...
1:M 26 Mar 2021 22:20:44.658 * Saving the final RDB snapshot before exiting.
1:C 26 Mar 2021 22:21:48.783 # oO0OoO0OoO0Oo Redis is starting oO0OoO0OoO0Oo
1:C 26 Mar 2021 22:21:48.785 # Redis version=6.2.1, bits=64, commit=00000000, modified=0, pid=1, just started
1:C 26 Mar 2021 22:21:48.786 # Configuration loaded
1:M 26 Mar 2021 22:21:48.787 * monotonic clock: POSIX clock_gettime
1:M 26 Mar 2021 22:21:48.790 * Running mode=standalone, port=6379.
1:M 26 Mar 2021 22:21:48.792 # WARNING: The TCP backlog setting of 511 cannot be enforced because /proc/sys/net/core/somaxconn is set to the lower value of 128.
1:M 26 Mar 2021 22:21:48.793 # Server initialized
1:M 26 Mar 2021 22:21:48.797 * Loading RDB produced by version 6.2.1
1:M 26 Mar 2021 22:21:48.799 * RDB age 105 seconds
1:M 26 Mar 2021 22:21:48.800 * RDB memory usage when created 0.77 Mb
1:M 26 Mar 2021 22:21:48.801 * DB loaded from disk: 0.006 seconds
1:M 26 Mar 2021 22:21:48.802 * Ready to accept connections
1:signal-handler (1616768926) Received SIGTERM scheduling shutdown...
1:M 26 Mar 2021 22:28:46.236 # User requested shutdown...
1:M 26 Mar 2021 22:28:46.237 * Saving the final RDB snapshot before exiting.
1:M 26 Mar 2021 22:28:46.242 * DB saved on disk
1:M 26 Mar 2021 22:28:46.244 * Removing the pid file.
1:M 26 Mar 2021 22:28:46.245 # Redis is now ready to exit, bye bye...
1:C 26 Mar 2021 22:58:21.305 # oO0OoO0OoO0Oo Redis is starting oO0OoO0OoO0Oo
1:C 26 Mar 2021 22:58:21.307 # Redis version=6.2.1, bits=64, commit=00000000, modified=0, pid=1, just started
1:C 26 Mar 2021 22:58:21.308 # Configuration loaded
1:M 26 Mar 2021 22:58:21.313 * monotonic clock: POSIX clock_gettime
1:M 26 Mar 2021 22:58:21.319 * Running mode=standalone, port=6379.
1:M 26 Mar 2021 22:58:21.321 # WARNING: The TCP backlog setting of 511 cannot be enforced because /proc/sys/net/core/somaxconn is set to the lower value of 128.
1:M 26 Mar 2021 22:58:21.322 # Server initialized
1:M 26 Mar 2021 22:58:21.333 * Loading RDB produced by version 6.2.1
1:M 26 Mar 2021 22:58:21.335 * RDB age 1775 seconds
1:M 26 Mar 2021 22:58:21.337 * RDB memory usage when created 0.77 Mb
1:M 26 Mar 2021 22:58:21.339 * DB loaded from disk: 0.014 seconds
1:M 26 Mar 2021 22:58:21.341 * Ready to accept connections
1:signal-handler (1616770721) Received SIGTERM scheduling shutdown...
1:M 26 Mar 2021 22:58:41.445 # User requested shutdown...
1:M 26 Mar 2021 22:58:41.448 * Saving the final RDB snapshot before exiting.
1:M 26 Mar 2021 22:58:41.456 * DB saved on disk
1:M 26 Mar 2021 22:58:41.458 * Removing the pid file.
1:M 26 Mar 2021 22:58:41.460 # Redis is now ready to exit, bye bye...
1:C 26 Mar 2021 22:58:47.624 # oO0OoO0OoO0Oo Redis is starting oO0OoO0OoO0Oo
1:C 26 Mar 2021 22:58:47.626 # Redis version=6.2.1, bits=64, commit=00000000, modified=0, pid=1, just started
1:C 26 Mar 2021 22:58:47.629 # Configuration loaded
1:M 26 Mar 2021 22:58:47.632 * monotonic clock: POSIX clock_gettime
1:M 26 Mar 2021 22:58:47.635 * Running mode=standalone, port=6379.
1:M 26 Mar 2021 22:58:47.637 # WARNING: The TCP backlog setting of 511 cannot be enforced because /proc/sys/net/core/somaxconn is set to the lower value of 128.
1:M 26 Mar 2021 22:58:47.640 # Server initialized
1:M 26 Mar 2021 22:58:47.647 * Loading RDB produced by version 6.2.1
1:M 26 Mar 2021 22:58:47.649 * RDB age 6 seconds
1:M 26 Mar 2021 22:58:47.651 * RDB memory usage when created 0.77 Mb
1:M 26 Mar 2021 22:58:47.653 * DB loaded from disk: 0.011 seconds
1:M 26 Mar 2021 22:58:47.655 * Ready to accept connections
1:signal-handler (1616770806) Received SIGTERM scheduling shutdown...
1:M 26 Mar 2021 23:00:06.315 # User requested shutdown...
1:M 26 Mar 2021 23:00:06.318 * Saving the final RDB snapshot before exiting.
1:M 26 Mar 2021 23:00:06.325 * DB saved on disk
1:M 26 Mar 2021 23:00:06.330 * Removing the pid file.
1:M 26 Mar 2021 23:00:06.335 # Redis is now ready to exit, bye bye...
1:C 26 Mar 2021 23:01:36.493 # oO0OoO0OoO0Oo Redis is starting oO0OoO0OoO0Oo
1:C 26 Mar 2021 23:01:36.495 # Redis version=6.2.1, bits=64, commit=00000000, modified=0, pid=1, just started
1:C 26 Mar 2021 23:01:36.497 # Configuration loaded
1:M 26 Mar 2021 23:01:36.500 * monotonic clock: POSIX clock_gettime
1:M 26 Mar 2021 23:01:36.504 * Running mode=standalone, port=6379.
1:M 26 Mar 2021 23:01:36.505 # WARNING: The TCP backlog setting of 511 cannot be enforced because /proc/sys/net/core/somaxconn is set to the lower value of 128.
1:M 26 Mar 2021 23:01:36.507 # Server initialized
1:M 26 Mar 2021 23:01:36.511 * Loading RDB produced by version 6.2.1
1:M 26 Mar 2021 23:01:36.513 * RDB age 90 seconds
1:M 26 Mar 2021 23:01:36.515 * RDB memory usage when created 0.77 Mb
1:M 26 Mar 2021 23:01:36.516 * DB loaded from disk: 0.007 seconds
1:M 26 Mar 2021 23:01:36.518 * Ready to accept connections
1:signal-handler (1616772617) Received SIGTERM scheduling shutdown...
1:M 26 Mar 2021 23:30:17.243 # User requested shutdown...
1:M 26 Mar 2021 23:30:17.244 * Saving the final RDB snapshot before exiting.
1:M 26 Mar 2021 23:30:17.248 * DB saved on disk
1:M 26 Mar 2021 23:30:17.249 * Removing the pid file.
1:M 26 Mar 2021 23:30:17.250 # Redis is now ready to exit, bye bye...
1:C 27 Mar 2021 00:22:39.914 # oO0OoO0OoO0Oo Redis is starting oO0OoO0OoO0Oo
1:C 27 Mar 2021 00:22:39.918 # Redis version=6.2.1, bits=64, commit=00000000, modified=0, pid=1, just started
1:C 27 Mar 2021 00:22:39.920 # Configuration loaded
1:M 27 Mar 2021 00:22:39.923 * monotonic clock: POSIX clock_gettime
1:M 27 Mar 2021 00:22:39.927 * Running mode=standalone, port=6379.
1:M 27 Mar 2021 00:22:39.929 # WARNING: The TCP backlog setting of 511 cannot be enforced because /proc/sys/net/core/somaxconn is set to the lower value of 128.
1:M 27 Mar 2021 00:22:39.931 # Server initialized
1:M 27 Mar 2021 00:22:39.935 * Ready to accept connections
1:C 27 Mar 2021 07:43:31.647 # oO0OoO0OoO0Oo Redis is starting oO0OoO0OoO0Oo
1:C 27 Mar 2021 07:43:31.649 # Redis version=6.2.1, bits=64, commit=00000000, modified=0, pid=1, just started
1:C 27 Mar 2021 07:43:31.650 # Configuration loaded
1:M 27 Mar 2021 07:43:31.652 * monotonic clock: POSIX clock_gettime
1:M 27 Mar 2021 07:43:31.655 * Running mode=standalone, port=6379.
1:M 27 Mar 2021 07:43:31.657 # WARNING: The TCP backlog setting of 511 cannot be enforced because /proc/sys/net/core/somaxconn is set to the lower value of 128.
1:M 27 Mar 2021 07:43:31.659 # Server initialized
1:M 27 Mar 2021 07:43:31.662 * Ready to accept connections
1:signal-handler (1616803724) Received SIGTERM scheduling shutdown...
1:M 27 Mar 2021 08:08:44.945 # User requested shutdown...
1:M 27 Mar 2021 08:08:44.946 * Saving the final RDB snapshot before exiting.
1:M 27 Mar 2021 08:08:44.953 * DB saved on disk
1:M 27 Mar 2021 08:08:44.954 * Removing the pid file.
1:M 27 Mar 2021 08:08:44.955 # Redis is now ready to exit, bye bye...
1:C 27 Mar 2021 08:08:58.196 # oO0OoO0OoO0Oo Redis is starting oO0OoO0OoO0Oo
1:C 27 Mar 2021 08:08:58.198 # Redis version=6.2.1, bits=64, commit=00000000, modified=0, pid=1, just started
1:C 27 Mar 2021 08:08:58.201 # Configuration loaded
1:M 27 Mar 2021 08:08:58.204 * monotonic clock: POSIX clock_gettime
1:M 27 Mar 2021 08:08:58.207 * Running mode=standalone, port=6379.
1:M 27 Mar 2021 08:08:58.209 # WARNING: The TCP backlog setting of 511 cannot be enforced because /proc/sys/net/core/somaxconn is set to the lower value of 128.
1:M 27 Mar 2021 08:08:58.212 # Server initialized
1:M 27 Mar 2021 08:08:58.218 * Loading RDB produced by version 6.2.1
1:M 27 Mar 2021 08:08:58.222 * RDB age 14 seconds
1:M 27 Mar 2021 08:08:58.227 * RDB memory usage when created 0.77 Mb
1:M 27 Mar 2021 08:08:58.230 * DB loaded from disk: 0.015 seconds
1:M 27 Mar 2021 08:08:58.235 * Ready to accept connections
1:signal-handler (1616803749) Received SIGTERM scheduling shutdown...
1:M 27 Mar 2021 08:09:09.240 # User requested shutdown...
1:M 27 Mar 2021 08:09:09.241 * Saving the final RDB snapshot before exiting.
1:M 27 Mar 2021 08:09:09.246 * DB saved on disk
1:M 27 Mar 2021 08:09:09.247 * Removing the pid file.
1:M 27 Mar 2021 08:09:09.248 # Redis is now ready to exit, bye bye...
1:C 27 Mar 2021 08:14:29.287 # oO0OoO0OoO0Oo Redis is starting oO0OoO0OoO0Oo
1:C 27 Mar 2021 08:14:29.290 # Redis version=6.2.1, bits=64, commit=00000000, modified=0, pid=1, just started
1:C 27 Mar 2021 08:14:29.292 # Configuration loaded
1:M 27 Mar 2021 08:14:29.294 * monotonic clock: POSIX clock_gettime
1:M 27 Mar 2021 08:14:29.297 * Running mode=standalone, port=6379.
1:M 27 Mar 2021 08:14:29.299 # WARNING: The TCP backlog setting of 511 cannot be enforced because /proc/sys/net/core/somaxconn is set to the lower value of 128.
1:M 27 Mar 2021 08:14:29.300 # Server initialized
1:M 27 Mar 2021 08:14:29.305 * Loading RDB produced by version 6.2.1
1:M 27 Mar 2021 08:14:29.306 * RDB age 320 seconds
1:M 27 Mar 2021 08:14:29.307 * RDB memory usage when created 0.77 Mb
1:M 27 Mar 2021 08:14:29.309 * DB loaded from disk: 0.006 seconds
1:M 27 Mar 2021 08:14:29.310 * Ready to accept connections
1:signal-handler (1616837552) Received SIGTERM scheduling shutdown...
1:M 27 Mar 2021 17:32:32.804 # User requested shutdown...
1:M 27 Mar 2021 17:32:32.805 * Saving the final RDB snapshot before exiting.
1:M 27 Mar 2021 17:32:32.812 * DB saved on disk
1:M 27 Mar 2021 17:32:32.814 * Removing the pid file.
1:M 27 Mar 2021 17:32:32.815 # Redis is now ready to exit, bye bye...
1:C 27 Mar 2021 17:33:58.325 # oO0OoO0OoO0Oo Redis is starting oO0OoO0OoO0Oo
1:C 27 Mar 2021 17:33:58.328 # Redis version=6.2.1, bits=64, commit=00000000, modified=0, pid=1, just started
1:C 27 Mar 2021 17:33:58.330 # Configuration loaded
1:M 27 Mar 2021 17:33:58.332 * monotonic clock: POSIX clock_gettime
1:M 27 Mar 2021 17:33:58.335 * Running mode=standalone, port=6379.
1:M 27 Mar 2021 17:33:58.336 # WARNING: The TCP backlog setting of 511 cannot be enforced because /proc/sys/net/core/somaxconn is set to the lower value of 128.
1:M 27 Mar 2021 17:33:58.337 # Server initialized
1:M 27 Mar 2021 17:33:58.342 * Loading RDB produced by version 6.2.1
1:M 27 Mar 2021 17:33:58.344 * RDB age 86 seconds
1:M 27 Mar 2021 17:33:58.345 * RDB memory usage when created 0.77 Mb
1:M 27 Mar 2021 17:33:58.347 * DB loaded from disk: 0.008 seconds
1:M 27 Mar 2021 17:33:58.349 * Ready to accept connections
1:C 27 Mar 2021 18:16:51.336 # oO0OoO0OoO0Oo Redis is starting oO0OoO0OoO0Oo
1:C 27 Mar 2021 18:16:51.357 # Redis version=6.2.1, bits=64, commit=00000000, modified=0, pid=1, just started
1:C 27 Mar 2021 18:16:51.360 # Configuration loaded
1:M 27 Mar 2021 18:16:51.363 * monotonic clock: POSIX clock_gettime
1:M 27 Mar 2021 18:16:51.372 * Running mode=standalone, port=6379.
1:M 27 Mar 2021 18:16:51.375 # WARNING: The TCP backlog setting of 511 cannot be enforced because /proc/sys/net/core/somaxconn is set to the lower value of 128.
1:M 27 Mar 2021 18:16:51.378 # Server initialized
1:M 27 Mar 2021 18:16:51.387 * Ready to accept connections
1:C 27 Mar 2021 21:55:30.104 # oO0OoO0OoO0Oo Redis is starting oO0OoO0OoO0Oo
1:C 27 Mar 2021 21:55:30.106 # Redis version=6.2.1, bits=64, commit=00000000, modified=0, pid=1, just started
1:C 27 Mar 2021 21:55:30.107 # Configuration loaded
1:M 27 Mar 2021 21:55:30.111 * monotonic clock: POSIX clock_gettime
1:M 27 Mar 2021 21:55:30.115 * Running mode=standalone, port=6379.
1:M 27 Mar 2021 21:55:30.119 # WARNING: The TCP backlog setting of 511 cannot be enforced because /proc/sys/net/core/somaxconn is set to the lower value of 128.
1:M 27 Mar 2021 21:55:30.121 # Server initialized
1:M 27 Mar 2021 21:55:30.129 * Ready to accept connections
1:signal-handler (1617006247) Received SIGTERM scheduling shutdown...
1:M 29 Mar 2021 16:24:07.545 # User requested shutdown...
1:M 29 Mar 2021 16:24:07.547 * Saving the final RDB snapshot before exiting.
1:M 29 Mar 2021 16:24:07.558 * DB saved on disk
1:M 29 Mar 2021 16:24:07.560 * Removing the pid file.
1:M 29 Mar 2021 16:24:07.561 # Redis is now ready to exit, bye bye...
1:C 29 Mar 2021 17:17:14.340 # oO0OoO0OoO0Oo Redis is starting oO0OoO0OoO0Oo
1:C 29 Mar 2021 17:17:14.346 # Redis version=6.2.1, bits=64, commit=00000000, modified=0, pid=1, just started
1:C 29 Mar 2021 17:17:14.348 # Configuration loaded
1:M 29 Mar 2021 17:17:14.351 * monotonic clock: POSIX clock_gettime
1:M 29 Mar 2021 17:17:14.356 * Running mode=standalone, port=6379.
1:M 29 Mar 2021 17:17:14.358 # WARNING: The TCP backlog setting of 511 cannot be enforced because /proc/sys/net/core/somaxconn is set to the lower value of 128.
1:M 29 Mar 2021 17:17:14.361 # Server initialized
1:M 29 Mar 2021 17:17:14.367 * Loading RDB produced by version 6.2.1
1:M 29 Mar 2021 17:17:14.369 * RDB age 3187 seconds
1:M 29 Mar 2021 17:17:14.371 * RDB memory usage when created 0.77 Mb
1:M 29 Mar 2021 17:17:14.373 * DB loaded from disk: 0.010 seconds
1:M 29 Mar 2021 17:17:14.375 * Ready to accept connections
1:C 02 Apr 2021 11:46:46.529 # oO0OoO0OoO0Oo Redis is starting oO0OoO0OoO0Oo
1:C 02 Apr 2021 11:46:46.531 # Redis version=6.2.1, bits=64, commit=00000000, modified=0, pid=1, just started
1:C 02 Apr 2021 11:46:46.532 # Configuration loaded
1:M 02 Apr 2021 11:46:46.533 * monotonic clock: POSIX clock_gettime
1:M 02 Apr 2021 11:46:46.536 * Running mode=standalone, port=6379.
1:M 02 Apr 2021 11:46:46.537 # WARNING: The TCP backlog setting of 511 cannot be enforced because /proc/sys/net/core/somaxconn is set to the lower value of 128.
1:M 02 Apr 2021 11:46:46.538 # Server initialized
1:M 02 Apr 2021 11:46:46.544 * Loading RDB produced by version 6.2.1
1:M 02 Apr 2021 11:46:46.545 * RDB age 328959 seconds
1:M 02 Apr 2021 11:46:46.546 * RDB memory usage when created 0.77 Mb
1:M 02 Apr 2021 11:46:46.548 * DB loaded from disk: 0.007 seconds
1:M 02 Apr 2021 11:46:46.549 * Ready to accept connections
1:signal-handler (1617409928) Received SIGTERM scheduling shutdown...
1:M 03 Apr 2021 08:32:08.143 # User requested shutdown...
1:M 03 Apr 2021 08:32:08.144 * Saving the final RDB snapshot before exiting.
1:M 03 Apr 2021 08:32:08.154 * DB saved on disk
1:M 03 Apr 2021 08:32:08.156 * Removing the pid file.
1:M 03 Apr 2021 08:32:08.157 # Redis is now ready to exit, bye bye...
1:C 04 Apr 2021 11:27:08.625 # oO0OoO0OoO0Oo Redis is starting oO0OoO0OoO0Oo
1:C 04 Apr 2021 11:27:08.626 # Redis version=6.2.1, bits=64, commit=00000000, modified=0, pid=1, just started
1:C 04 Apr 2021 11:27:08.628 # Configuration loaded
1:M 04 Apr 2021 11:27:08.630 * monotonic clock: POSIX clock_gettime
1:M 04 Apr 2021 11:27:08.632 * Running mode=standalone, port=6379.
1:M 04 Apr 2021 11:27:08.633 # WARNING: The TCP backlog setting of 511 cannot be enforced because /proc/sys/net/core/somaxconn is set to the lower value of 128.
1:M 04 Apr 2021 11:27:08.634 # Server initialized
1:M 04 Apr 2021 11:27:08.639 * Loading RDB produced by version 6.2.1
1:M 04 Apr 2021 11:27:08.640 * RDB age 96900 seconds
1:M 04 Apr 2021 11:27:08.642 * RDB memory usage when created 0.77 Mb
1:M 04 Apr 2021 11:27:08.643 * DB loaded from disk: 0.007 seconds
1:M 04 Apr 2021 11:27:08.645 * Ready to accept connections
1:signal-handler (1617506859) Received SIGTERM scheduling shutdown...
1:M 04 Apr 2021 11:27:39.165 # User requested shutdown...
1:M 04 Apr 2021 11:27:39.166 * Saving the final RDB snapshot before exiting.
1:M 04 Apr 2021 11:27:39.175 * DB saved on disk
1:M 04 Apr 2021 11:27:39.176 * Removing the pid file.
1:M 04 Apr 2021 11:27:39.177 # Redis is now ready to exit, bye bye...
1:C 04 Apr 2021 12:16:50.544 # oO0OoO0OoO0Oo Redis is starting oO0OoO0OoO0Oo
1:C 04 Apr 2021 12:16:50.546 # Redis version=6.2.1, bits=64, commit=00000000, modified=0, pid=1, just started
1:C 04 Apr 2021 12:16:50.550 # Configuration loaded
1:M 04 Apr 2021 12:16:50.552 * monotonic clock: POSIX clock_gettime
1:M 04 Apr 2021 12:16:50.557 * Running mode=standalone, port=6379.
1:M 04 Apr 2021 12:16:50.558 # WARNING: The TCP backlog setting of 511 cannot be enforced because /proc/sys/net/core/somaxconn is set to the lower value of 128.
1:M 04 Apr 2021 12:16:50.560 # Server initialized
1:M 04 Apr 2021 12:16:50.567 * Loading RDB produced by version 6.2.1
1:M 04 Apr 2021 12:16:50.568 * RDB age 2951 seconds
1:M 04 Apr 2021 12:16:50.572 * RDB memory usage when created 0.77 Mb
1:M 04 Apr 2021 12:16:50.574 * DB loaded from disk: 0.011 seconds
1:M 04 Apr 2021 12:16:50.575 * Ready to accept connections
1:signal-handler (1617519350) Received SIGTERM scheduling shutdown...
1:M 04 Apr 2021 14:55:50.831 # User requested shutdown...
1:M 04 Apr 2021 14:55:50.833 * Saving the final RDB snapshot before exiting.
1:M 04 Apr 2021 14:55:50.838 * DB saved on disk
1:M 04 Apr 2021 14:55:50.840 * Removing the pid file.
1:M 04 Apr 2021 14:55:50.841 # Redis is now ready to exit, bye bye...
1:C 04 Apr 2021 15:22:31.820 # oO0OoO0OoO0Oo Redis is starting oO0OoO0OoO0Oo
1:C 04 Apr 2021 15:22:31.827 # Redis version=6.2.1, bits=64, commit=00000000, modified=0, pid=1, just started
1:C 04 Apr 2021 15:22:31.829 # Configuration loaded
1:M 04 Apr 2021 15:22:31.833 * monotonic clock: POSIX clock_gettime
1:M 04 Apr 2021 15:22:31.838 * Running mode=standalone, port=6379.
1:M 04 Apr 2021 15:22:31.841 # WARNING: The TCP backlog setting of 511 cannot be enforced because /proc/sys/net/core/somaxconn is set to the lower value of 128.
1:M 04 Apr 2021 15:22:31.843 # Server initialized
1:M 04 Apr 2021 15:22:31.864 * Loading RDB produced by version 6.2.1
1:M 04 Apr 2021 15:22:31.868 * RDB age 1601 seconds
1:M 04 Apr 2021 15:22:31.871 * RDB memory usage when created 0.77 Mb
1:M 04 Apr 2021 15:22:31.874 * DB loaded from disk: 0.026 seconds
1:M 04 Apr 2021 15:22:31.876 * Ready to accept connections
1:signal-handler (1617530677) Received SIGTERM scheduling shutdown...
1:M 04 Apr 2021 18:04:37.948 # User requested shutdown...
1:M 04 Apr 2021 18:04:37.950 * Saving the final RDB snapshot before exiting.
1:M 04 Apr 2021 18:04:37.957 * DB saved on disk
1:M 04 Apr 2021 18:04:37.958 * Removing the pid file.
1:M 04 Apr 2021 18:04:37.959 # Redis is now ready to exit, bye bye...
1:C 05 Apr 2021 07:33:07.307 # oO0OoO0OoO0Oo Redis is starting oO0OoO0OoO0Oo
1:C 05 Apr 2021 07:33:07.311 # Redis version=6.2.1, bits=64, commit=00000000, modified=0, pid=1, just started
1:C 05 Apr 2021 07:33:07.313 # Configuration loaded
1:M 05 Apr 2021 07:33:07.314 * monotonic clock: POSIX clock_gettime
1:M 05 Apr 2021 07:33:07.317 * Running mode=standalone, port=6379.
1:M 05 Apr 2021 07:33:07.318 # WARNING: The TCP backlog setting of 511 cannot be enforced because /proc/sys/net/core/somaxconn is set to the lower value of 128.
1:M 05 Apr 2021 07:33:07.320 # Server initialized
1:M 05 Apr 2021 07:33:07.323 * Ready to accept connections
1:signal-handler (1617579568) Received SIGTERM scheduling shutdown...
1:M 05 Apr 2021 07:39:28.308 # User requested shutdown...
1:M 05 Apr 2021 07:39:28.309 * Saving the final RDB snapshot before exiting.
1:M 05 Apr 2021 07:39:28.315 * DB saved on disk
1:M 05 Apr 2021 07:39:28.316 * Removing the pid file.
1:M 05 Apr 2021 07:39:28.317 # Redis is now ready to exit, bye bye...
1:C 05 Apr 2021 08:27:50.523 # oO0OoO0OoO0Oo Redis is starting oO0OoO0OoO0Oo
1:C 05 Apr 2021 08:27:50.526 # Redis version=6.2.1, bits=64, commit=00000000, modified=0, pid=1, just started
1:C 05 Apr 2021 08:27:50.528 # Configuration loaded
1:M 05 Apr 2021 08:27:50.532 * monotonic clock: POSIX clock_gettime
1:M 05 Apr 2021 08:27:50.535 * Running mode=standalone, port=6379.
1:M 05 Apr 2021 08:27:50.539 # WARNING: The TCP backlog setting of 511 cannot be enforced because /proc/sys/net/core/somaxconn is set to the lower value of 128.
1:M 05 Apr 2021 08:27:50.540 # Server initialized
1:M 05 Apr 2021 08:27:50.548 * Loading RDB produced by version 6.2.1
1:M 05 Apr 2021 08:27:50.550 * RDB age 2902 seconds
1:M 05 Apr 2021 08:27:50.551 * RDB memory usage when created 0.77 Mb
1:M 05 Apr 2021 08:27:50.554 * DB loaded from disk: 0.011 seconds
1:M 05 Apr 2021 08:27:50.555 * Ready to accept connections
1:signal-handler (1617586539) Received SIGTERM scheduling shutdown...
1:M 05 Apr 2021 09:35:39.774 # User requested shutdown...
1:M 05 Apr 2021 09:35:39.775 * Saving the final RDB snapshot before exiting.
1:M 05 Apr 2021 09:35:39.780 * DB saved on disk
1:M 05 Apr 2021 09:35:39.781 * Removing the pid file.
1:M 05 Apr 2021 09:35:39.783 # Redis is now ready to exit, bye bye...
1:C 05 Apr 2021 11:33:32.260 # oO0OoO0OoO0Oo Redis is starting oO0OoO0OoO0Oo
1:C 05 Apr 2021 11:33:32.262 # Redis version=6.2.1, bits=64, commit=00000000, modified=0, pid=1, just started
1:C 05 Apr 2021 11:33:32.263 # Configuration loaded
1:M 05 Apr 2021 11:33:32.265 * monotonic clock: POSIX clock_gettime
1:M 05 Apr 2021 11:33:32.267 * Running mode=standalone, port=6379.
1:M 05 Apr 2021 11:33:32.269 # WARNING: The TCP backlog setting of 511 cannot be enforced because /proc/sys/net/core/somaxconn is set to the lower value of 128.
1:M 05 Apr 2021 11:33:32.270 # Server initialized
1:M 05 Apr 2021 11:33:32.277 * Loading RDB produced by version 6.2.1
1:M 05 Apr 2021 11:33:32.280 * RDB age 7073 seconds
1:M 05 Apr 2021 11:33:32.281 * RDB memory usage when created 0.77 Mb
1:M 05 Apr 2021 11:33:32.283 * DB loaded from disk: 0.011 seconds
1:M 05 Apr 2021 11:33:32.284 * Ready to accept connections
1:signal-handler (1617594103) Received SIGTERM scheduling shutdown...
1:M 05 Apr 2021 11:41:43.402 # User requested shutdown...
1:M 05 Apr 2021 11:41:43.407 * Saving the final RDB snapshot before exiting.
1:M 05 Apr 2021 11:41:43.413 * DB saved on disk
1:M 05 Apr 2021 11:41:43.414 * Removing the pid file.
1:M 05 Apr 2021 11:41:43.414 # Redis is now ready to exit, bye bye...
1:C 05 Apr 2021 11:41:51.970 # oO0OoO0OoO0Oo Redis is starting oO0OoO0OoO0Oo
1:C 05 Apr 2021 11:41:51.971 # Redis version=6.2.1, bits=64, commit=00000000, modified=0, pid=1, just started
1:C 05 Apr 2021 11:41:51.972 # Configuration loaded
1:M 05 Apr 2021 11:41:51.975 * monotonic clock: POSIX clock_gettime
1:M 05 Apr 2021 11:41:51.977 * Running mode=standalone, port=6379.
1:M 05 Apr 2021 11:41:51.978 # WARNING: The TCP backlog setting of 511 cannot be enforced because /proc/sys/net/core/somaxconn is set to the lower value of 128.
1:M 05 Apr 2021 11:41:51.980 # Server initialized
1:M 05 Apr 2021 11:41:51.984 * Loading RDB produced by version 6.2.1
1:M 05 Apr 2021 11:41:51.986 * RDB age 8 seconds
1:M 05 Apr 2021 11:41:51.988 * RDB memory usage when created 0.77 Mb
1:M 05 Apr 2021 11:41:51.989 * DB loaded from disk: 0.008 seconds
1:M 05 Apr 2021 11:41:51.991 * Ready to accept connections
1:signal-handler (1619224200) Received SIGTERM scheduling shutdown...
1:M 24 Apr 2021 08:30:00.899 # User requested shutdown...
1:M 24 Apr 2021 08:30:00.902 * Saving the final RDB snapshot before exiting.
1:M 24 Apr 2021 08:30:00.913 * DB saved on disk
1:M 24 Apr 2021 08:30:00.915 * Removing the pid file.
1:M 24 Apr 2021 08:30:00.917 # Redis is now ready to exit, bye bye...
1:C 25 Apr 2021 10:17:30.126 # oO0OoO0OoO0Oo Redis is starting oO0OoO0OoO0Oo
1:C 25 Apr 2021 10:17:30.128 # Redis version=6.2.1, bits=64, commit=00000000, modified=0, pid=1, just started
1:C 25 Apr 2021 10:17:30.129 # Configuration loaded
1:M 25 Apr 2021 10:17:30.130 * monotonic clock: POSIX clock_gettime
1:M 25 Apr 2021 10:17:30.132 * Running mode=standalone, port=6379.
1:M 25 Apr 2021 10:17:30.133 # Server initialized
1:M 25 Apr 2021 10:17:30.137 * Loading RDB produced by version 6.2.1
1:M 25 Apr 2021 10:17:30.138 * RDB age 92850 seconds
1:M 25 Apr 2021 10:17:30.139 * RDB memory usage when created 0.77 Mb
1:M 25 Apr 2021 10:17:30.140 * DB loaded from disk: 0.005 seconds
1:M 25 Apr 2021 10:17:30.141 * Ready to accept connections
1:C 08 May 2021 11:49:35.190 # oO0OoO0OoO0Oo Redis is starting oO0OoO0OoO0Oo
1:C 08 May 2021 11:49:35.193 # Redis version=6.2.1, bits=64, commit=00000000, modified=0, pid=1, just started
1:C 08 May 2021 11:49:35.194 # Configuration loaded
1:M 08 May 2021 11:49:35.197 * monotonic clock: POSIX clock_gettime
1:M 08 May 2021 11:49:35.201 * Running mode=standalone, port=6379.
1:M 08 May 2021 11:49:35.202 # Server initialized
1:M 08 May 2021 11:49:35.208 * Loading RDB produced by version 6.2.1
1:M 08 May 2021 11:49:35.209 * RDB age 1221575 seconds
1:M 08 May 2021 11:49:35.210 * RDB memory usage when created 0.77 Mb
1:M 08 May 2021 11:49:35.211 * DB loaded from disk: 0.007 seconds
1:M 08 May 2021 11:49:35.213 * Ready to accept connections
1:M 08 May 2021 12:04:08.587 * 100 changes in 300 seconds. Saving...
1:M 08 May 2021 12:04:08.591 * Background saving started by pid 27
27:C 08 May 2021 12:04:08.614 * DB saved on disk
27:C 08 May 2021 12:04:08.616 * RDB: 0 MB of memory used by copy-on-write
1:M 08 May 2021 12:04:08.693 * Background saving terminated with success
1:M 08 May 2021 12:05:09.087 * 10000 changes in 60 seconds. Saving...
1:M 08 May 2021 12:05:09.091 * Background saving started by pid 28
28:C 08 May 2021 12:05:12.201 * DB saved on disk
28:C 08 May 2021 12:05:12.203 * RDB: 0 MB of memory used by copy-on-write
1:M 08 May 2021 12:05:12.305 * Background saving terminated with success
1:M 08 May 2021 13:55:47.921 * 1 changes in 3600 seconds. Saving...
1:M 08 May 2021 13:55:47.925 * Background saving started by pid 29
29:C 08 May 2021 13:55:49.938 * DB saved on disk
29:C 08 May 2021 13:55:49.940 * RDB: 0 MB of memory used by copy-on-write
1:M 08 May 2021 13:55:50.033 * Background saving terminated with success
1:M 08 May 2021 14:00:51.030 * 100 changes in 300 seconds. Saving...
1:M 08 May 2021 14:00:51.034 * Background saving started by pid 30
30:C 08 May 2021 14:00:53.011 * DB saved on disk
30:C 08 May 2021 14:00:53.013 * RDB: 0 MB of memory used by copy-on-write
1:M 08 May 2021 14:00:53.042 * Background saving terminated with success
1:M 08 May 2021 14:05:54.006 * 100 changes in 300 seconds. Saving...
1:M 08 May 2021 14:05:54.010 * Background saving started by pid 31
31:C 08 May 2021 14:05:57.168 * DB saved on disk
31:C 08 May 2021 14:05:57.170 * RDB: 0 MB of memory used by copy-on-write
1:M 08 May 2021 14:05:57.224 * Background saving terminated with success
1:M 08 May 2021 14:10:58.090 * 100 changes in 300 seconds. Saving...
1:M 08 May 2021 14:10:58.096 * Background saving started by pid 32
32:C 08 May 2021 14:11:00.971 * DB saved on disk
32:C 08 May 2021 14:11:00.974 * RDB: 0 MB of memory used by copy-on-write
1:M 08 May 2021 14:11:01.007 * Background saving terminated with success
1:M 08 May 2021 14:16:02.035 * 100 changes in 300 seconds. Saving...
1:M 08 May 2021 14:16:02.039 * Background saving started by pid 33
33:C 08 May 2021 14:16:04.307 * DB saved on disk
33:C 08 May 2021 14:16:04.309 * RDB: 0 MB of memory used by copy-on-write
1:M 08 May 2021 14:16:04.346 * Background saving terminated with success
1:M 08 May 2021 14:21:05.028 * 100 changes in 300 seconds. Saving...
1:M 08 May 2021 14:21:05.032 * Background saving started by pid 34
34:C 08 May 2021 14:21:07.266 * DB saved on disk
34:C 08 May 2021 14:21:07.268 * RDB: 0 MB of memory used by copy-on-write
1:M 08 May 2021 14:21:07.338 * Background saving terminated with success
1:M 08 May 2021 15:21:08.051 * 1 changes in 3600 seconds. Saving...
1:M 08 May 2021 15:21:08.055 * Background saving started by pid 35
35:C 08 May 2021 15:21:10.179 * DB saved on disk
35:C 08 May 2021 15:21:10.181 * RDB: 0 MB of memory used by copy-on-write
1:M 08 May 2021 15:21:10.262 * Background saving terminated with success
